root - WARNING - Email sent: <p align="center">В.Я.Брюсов
</p><p align="center">Звезды тихонько шептались
</p><p align="center">
</p><p align="center">Звезды тихонько шептались,
</p><p align="center">Звезды смотрели на нас.
</p><p align="center">Милая, верь мне,— в тот час
</p><p align="center">Звезды над нами смеялись.
</p><p align="center">
</p><p align="center">
</p><p align="center">Спрашивал я: «Не мечта ли?»;
</p><p align="center">Ты отвечала мне: «Да!»;
</p><p align="center">Верь, дорогая, тогда
</p><p align="center">Оба с тобою мы лгали.
</p>
2023-09-22 08:02:02,196 - WARNING - Email sent: <p align="center">В.Я.Брюсов
</p><p align="center">Звезды тихонько шептались
</p><p align="center">
</p><p align="center">Звезды тихонько шептались,
</p><p align="center">Звезды смотрели на нас.
</p><p align="center">Милая, верь мне,— в тот час
</p><p align="center">Звезды над нами смеялись.
</p><p align="center">
</p><p align="center">
</p><p align="center">Спрашивал я: «Не мечта ли?»;
</p><p align="center">Ты отвечала мне: «Да!»;
</p><p align="center">Верь, дорогая, тогда
</p><p align="center">Оба с тобою мы лгали.
</p>
2023-09-22 08:05:01,431 - WARNING - Email sent: <p align="center">В.Я.Брюсов
</p><p align="center">Звезды тихонько шептались
</p><p align="center">
</p><p align="center">Звезды тихонько шептались,
</p><p align="center">Звезды смотрели на нас.
</p><p align="center">Милая, верь мне,— в тот час
</p><p align="center">Звезды над нами смеялись.
</p><p align="center">
</p><p align="center">
</p><p align="center">Спрашивал я: «Не мечта ли?»;
</p><p align="center">Ты отвечала мне: «Да!»;
</p><p align="center">Верь, дорогая, тогда
</p><p align="center">Оба с тобою мы лгали.
</p>
2023-09-23 08:05:02,349 - WARNING - Email sent: <p align="center">В.Я.Брюсов
</p><p align="center">Звезды тихонько шептались
</p><p align="center">
</p><p align="center">Звезды тихонько шептались,
</p><p align="center">Звезды смотрели на нас.
</p><p align="center">Милая, верь мне,— в тот час
</p><p align="center">Звезды над нами смеялись.
</p><p align="center">
</p><p align="center">
</p><p align="center">Спрашивал я: «Не мечта ли?»;
</p><p align="center">Ты отвечала мне: «Да!»;
</p><p align="center">Верь, дорогая, тогда
</p><p align="center">Оба с тобою мы лгали.
</p>
2023-09-24 08:05:03,309 - WARNING - Email sent: <p align="center">Love my little fox so much🥺</p>
2023-09-25 08:05:02,091 - WARNING - Email sent: <p align="center">Love my little fox so much🥺</p>
2023-09-26 08:05:02,988 - WARNING - Email sent: <p align="center">Инноке́нтий Фёдорович А́нненский
</p><p align="center">Среди миров
</p><p align="center">
</p><p align="center">Среди миров, в мерцании светил
</p><p align="center">Одной Звезды я повторяю имя…
</p><p align="center">Не потому, чтоб я Её любил,
</p><p align="center">А потому, что я томлюсь с другими.
</p><p align="center">
</p><p align="center">И если мне сомненье тяжело,
</p><p align="center">Я у Неё одной ищу ответа,
</p><p align="center">Не потому, что от Неё светло,
</p><p align="center">А потому, что с Ней не надо света.
</p>
2023-09-27 03:28:13,667 - WARNING - Email sent: <p>Today is a lovely day! The temperature is 285.52 and the weather is clear sky.<p>
<p align="center">Инноке́нтий Фёдорович А́нненский
</p><p align="center">Среди миров
</p><p align="center">
</p><p align="center">Среди миров, в мерцании светил
</p><p align="center">Одной Звезды я повторяю имя…
</p><p align="center">Не потому, чтоб я Её любил,
</p><p align="center">А потому, что я томлюсь с другими.
</p><p align="center">
</p><p align="center">И если мне сомненье тяжело,
</p><p align="center">Я у Неё одной ищу ответа,
</p><p align="center">Не потому, что от Неё светло,
</p><p align="center">А потому, что с Ней не надо света.
</p>
2023-09-27 03:30:16,659 - WARNING - Email sent: <p>Today is a lovely day! The temperature is <b>12.770000000000039</b> and the weather is <b>clear sky</b>.<p>
<p align="center">Инноке́нтий Фёдорович А́нненский
</p><p align="center">Среди миров
</p><p align="center">
</p><p align="center">Среди миров, в мерцании светил
</p><p align="center">Одной Звезды я повторяю имя…
</p><p align="center">Не потому, чтоб я Её любил,
</p><p align="center">А потому, что я томлюсь с другими.
</p><p align="center">
</p><p align="center">И если мне сомненье тяжело,
</p><p align="center">Я у Неё одной ищу ответа,
</p><p align="center">Не потому, что от Неё светло,
</p><p align="center">А потому, что с Ней не надо света.
</p>
2023-09-27 03:32:01,179 - WARNING - Email sent: <p>Today is a lovely day! The temperature is <b>13°C</b> and the weather is <b>clear sky</b>.<p>
<p align="center">Инноке́нтий Фёдорович А́нненский
</p><p align="center">Среди миров
</p><p align="center">
</p><p align="center">Среди миров, в мерцании светил
</p><p align="center">Одной Звезды я повторяю имя…
</p><p align="center">Не потому, чтоб я Её любил,
</p><p align="center">А потому, что я томлюсь с другими.
</p><p align="center">
</p><p align="center">И если мне сомненье тяжело,
</p><p align="center">Я у Неё одной ищу ответа,
</p><p align="center">Не потому, что от Неё светло,
</p><p align="center">А потому, что с Ней не надо света.
</p>
2023-09-27 08:05:05,305 - WARNING - Email sent: <p>Today is a lovely day! The temperature is <b>11°C</b> and the weather is <b>broken clouds</b>.<p>
<p align="center">Инноке́нтий Фёдорович А́нненский
</p><p align="center">Среди миров
</p><p align="center">
</p><p align="center">Среди миров, в мерцании светил
</p><p align="center">Одной Звезды я повторяю имя…
</p><p align="center">Не потому, чтоб я Её любил,
</p><p align="center">А потому, что я томлюсь с другими.
</p><p align="center">
</p><p align="center">И если мне сомненье тяжело,
</p><p align="center">Я у Неё одной ищу ответа,
</p><p align="center">Не потому, что от Неё светло,
</p><p align="center">А потому, что с Ней не надо света.
</p>
2023-09-28 08:05:04,241 - WARNING - Email sent: <p>Today is a lovely day! The temperature is <b>15°C</b> and the weather is <b>broken clouds</b>.<p>
<p align="center">Инноке́нтий Фёдорович А́нненский
</p><p align="center">Среди миров
</p><p align="center">
</p><p align="center">Среди миров, в мерцании светил
</p><p align="center">Одной Звезды я повторяю имя…
</p><p align="center">Не потому, чтоб я Её любил,
</p><p align="center">А потому, что я томлюсь с другими.
</p><p align="center">
</p><p align="center">И если мне сомненье тяжело,
</p><p align="center">Я у Неё одной ищу ответа,
</p><p align="center">Не потому, что от Неё светло,
</p><p align="center">А потому, что с Ней не надо света.
</p>
2023-09-29 08:05:05,473 - WARNING - Email sent: <p>Today is a lovely day! The temperature is <b>13°C</b> and the weather is <b>broken clouds</b>.<p>
<p align="center">Инноке́нтий Фёдорович А́нненский
</p><p align="center">Среди миров
</p><p align="center">
</p><p align="center">Среди миров, в мерцании светил
</p><p align="center">Одной Звезды я повторяю имя…
</p><p align="center">Не потому, чтоб я Её любил,
</p><p align="center">А потому, что я томлюсь с другими.
</p><p align="center">
</p><p align="center">И если мне сомненье тяжело,
</p><p align="center">Я у Неё одной ищу ответа,
</p><p align="center">Не потому, что от Неё светло,
</p><p align="center">А потому, что с Ней не надо света.
</p>
2023-09-30 08:05:03,348 - WARNING - Email sent: <p>Today is a lovely day! The temperature is <b>16°C</b> and the weather is <b>light rain</b>.<p>
<p align="center">Today not a love poem!
</p><p align="center">
</p><p align="center">Анна Ахматова
</p><p align="center">Голос памяти
</p><p align="center">
</p><p align="center">О. А. Глебовой-Судейкиной
</p><p align="center">
</p><p align="center">Что ты видишь, тускло на стену смотря,
</p><p align="center">В час, когда на небе поздняя заря?
</p><p align="center">
</p><p align="center">Чайку ли на синей скатерти воды
</p><p align="center">Или флорентийские сады?
</p><p align="center">
</p><p align="center">Или парк огромный Царского Села,
</p><p align="center">Где тебе тревога путь пересекла?
</p><p align="center">
</p><p align="center">Иль того ты видишь у своих колен,
</p><p align="center">Кто для белой смерти твой покинул плен?
</p><p align="center">
</p><p align="center">Нет, я вижу стену только — и на ней
</p><p align="center">Отсветы небесных гаснущих огней.
</p>
2023-10-01 08:05:05,745 - WARNING - Email sent: <p>Today is a lovely day! The temperature is <b>12°C</b> and the weather is <b>light rain</b>.<p>
<p align="center">Юлия Друнина
</p><p align="center">Ты рядом
</p><p align="center">
</p><p align="center">Ты - рядом, и все прекрасно:
</p><p align="center">И дождь, и холодный ветер.
</p><p align="center">Спасибо тебе, мой ясный,
</p><p align="center">За то, что ты есть на свете.
</p><p align="center">
</p><p align="center">Спасибо за эти губы,
</p><p align="center">Спасибо за руки эти.
</p><p align="center">Спасибо тебе, мой любый,
</p><p align="center">За то, что ты есть на свете.
</p><p align="center">
</p><p align="center">Ты - рядом, а ведь могли бы
</p><p align="center">Друг друга совсем не встретить..
</p><p align="center">Единственный мой, спасибо
</p><p align="center">За то, что ты есть на свете!
</p>
2023-10-02 08:05:04,040 - WARNING - Email sent: <p>Today is a lovely day! The temperature is <b>12°C</b> and the weather is <b>broken clouds</b>.<p>
<p align="center">Юлия Друнина
</p><p align="center">Ты рядом
</p><p align="center">
</p><p align="center">Ты - рядом, и все прекрасно:
</p><p align="center">И дождь, и холодный ветер.
</p><p align="center">Спасибо тебе, мой ясный,
</p><p align="center">За то, что ты есть на свете.
</p><p align="center">
</p><p align="center">Спасибо за эти губы,
</p><p align="center">Спасибо за руки эти.
</p><p align="center">Спасибо тебе, мой любый,
</p><p align="center">За то, что ты есть на свете.
</p><p align="center">
</p><p align="center">Ты - рядом, а ведь могли бы
</p><p align="center">Друг друга совсем не встретить..
</p><p align="center">Единственный мой, спасибо
</p><p align="center">За то, что ты есть на свете!
</p>
2023-10-03 08:05:05,476 - WARNING - Email sent: <p>Today is a lovely day! The temperature is <b>10°C</b> and the weather is <b>light rain</b>.<p>
<p align="center">Юлия Друнина
</p><p align="center">Ты рядом
</p><p align="center">
</p><p align="center">Ты - рядом, и все прекрасно:
</p><p align="center">И дождь, и холодный ветер.
</p><p align="center">Спасибо тебе, мой ясный,
</p><p align="center">За то, что ты есть на свете.
</p><p align="center">
</p><p align="center">Спасибо за эти губы,
</p><p align="center">Спасибо за руки эти.
</p><p align="center">Спасибо тебе, мой любый,
</p><p align="center">За то, что ты есть на свете.
</p><p align="center">
</p><p align="center">Ты - рядом, а ведь могли бы
</p><p align="center">Друг друга совсем не встретить..
</p><p align="center">Единственный мой, спасибо
</p><p align="center">За то, что ты есть на свете!
</p>
2023-10-04 08:05:03,630 - WARNING - Email sent: <p>Today is a lovely day! The temperature is <b>14°C</b> and the weather is <b>light rain</b>.<p>
<p align="center">Юлия Друнина
</p><p align="center">Ты рядом
</p><p align="center">
</p><p align="center">Ты - рядом, и все прекрасно:
</p><p align="center">И дождь, и холодный ветер.
</p><p align="center">Спасибо тебе, мой ясный,
</p><p align="center">За то, что ты есть на свете.
</p><p align="center">
</p><p align="center">Спасибо за эти губы,
</p><p align="center">Спасибо за руки эти.
</p><p align="center">Спасибо тебе, мой любый,
</p><p align="center">За то, что ты есть на свете.
</p><p align="center">
</p><p align="center">Ты - рядом, а ведь могли бы
</p><p align="center">Друг друга совсем не встретить..
</p><p align="center">Единственный мой, спасибо
</p><p align="center">За то, что ты есть на свете!
</p>
2023-10-05 08:05:05,308 - WARNING - Email sent: <p>Today is a lovely day! The temperature is <b>9°C</b> and the weather is <b>light rain</b>.<p>
<p align="center">Леонид Мартынов
</p><p align="center">Любовь
</p><p align="center">
</p><p align="center">Ты жива,
</p><p align="center">Ты жива!
</p><p align="center">Не сожгли тебя пламень и лава,
</p><p align="center">Не засыпало пеплом, а только задело едва.
</p><p align="center">Ты жива,
</p><p align="center">Как трава,
</p><p align="center">Увядать не имевшая права.
</p><p align="center">Будешь ты и в снегах
</p><p align="center">Зелена, и поздней Покрова.
</p><p align="center">
</p><p align="center">И ещё над могилой моей
</p><p align="center">Ты взойдёшь, как посмертная слава.
</p><p align="center">И не будет меня ―
</p><p align="center">Ты останешься вечно жива.
</p><p align="center">Говори не слова,
</p><p align="center">А в ответ лишь кивай величаво―
</p><p align="center">Улыбнись и кивни,
</p><p align="center">Чтоб замолкла пустая молва.
</p><p align="center">
</p><p align="center">Ты жива,
</p><p align="center">Ты права,
</p><p align="center">Ты отрада моя и отрава.
</p><p align="center">Каждый час на земле ―
</p><p align="center">Это час твоего торжества!
</p>
2023-10-06 08:05:04,692 - WARNING - Email sent: <p>Today is a lovely day! The temperature is <b>6°C</b> and the weather is <b>overcast clouds</b>.<p>
<p align="center">I live this one!
</p><p align="center">
</p><p align="center">Марина Цветаева
</p><p align="center">Я бы хотела жить с Вами...
</p><p align="center">
</p><p align="center">…Я бы хотела жить с Вами
</p><p align="center">В маленьком городе,
</p><p align="center">Где вечные сумерки
</p><p align="center">И вечные колокола.
</p><p align="center">И в маленькой деревенской гостинице —
</p><p align="center">Тонкий звон
</p><p align="center">Старинных часов — как капельки времени.
</p><p align="center">И иногда, по вечерам, из какой-нибудь мансарды —
</p><p align="center">Флейта,
</p><p align="center">И сам флейтист в окне.
</p><p align="center">И большие тюльпаны на окнах.
</p><p align="center">И может быть, Вы бы даже меня любили…
</p><p align="center">
</p><p align="center">* * *
</p><p align="center">
</p><p align="center">Посреди комнаты — огромная изразцовая печка,
</p><p align="center">На каждом изразце — картинка:
</p><p align="center">Роза — сердце — корабль. —
</p><p align="center">А в единственном окне —
</p><p align="center">Снег, снег, снег.
</p><p align="center">
</p><p align="center">Вы бы лежали — каким я Вас люблю: ленивый,
</p><p align="center">Равнодушный, беспечный.
</p><p align="center">Изредка резкий треск
</p><p align="center">Спички.
</p><p align="center">
</p><p align="center">Папироса горит и гаснет,
</p><p align="center">И долго-долго дрожит на ее краю
</p><p align="center">Серым коротким столбиком — пепел.
</p><p align="center">Вам даже лень его стряхивать —
</p><p align="center">И вся папироса летит в огонь.
</p>
2023-10-07 08:05:05,513 - WARNING - Email sent: <p>Today is a lovely day! The temperature is <b>4°C</b> and the weather is <b>moderate rain</b>.<p>
<p align="center">Александр Пушкин
</p><p align="center">К ***
</p><p align="center">
</p><p align="center">Я помню чудное мгновенье:
</p><p align="center">Передо мной явилась ты,
</p><p align="center">Как мимолетное виденье,
</p><p align="center">Как гений чистой красоты.
</p><p align="center">
</p><p align="center">В томленьях грусти безнадежной,
</p><p align="center">В тревогах шумной суеты,
</p><p align="center">Звучал мне долго голос нежный
</p><p align="center">И снились милые черты.
</p><p align="center">
</p><p align="center">Шли годы. Бурь порыв мятежный
</p><p align="center">Рассеял прежние мечты,
</p><p align="center">И я забыл твой голос нежный,
</p><p align="center">Твои небесные черты.
</p><p align="center">
</p><p align="center">В глуши, во мраке заточенья
</p><p align="center">Тянулись тихо дни мои
</p><p align="center">Без божества, без вдохновенья,
</p><p align="center">Без слез, без жизни, без любви.
</p><p align="center">
</p><p align="center">Душе настало пробужденье:
</p><p align="center">И вот опять явилась ты,
</p><p align="center">Как мимолетное виденье,
</p><p align="center">Как гений чистой красоты.
</p><p align="center">
</p><p align="center">И сердце бьется в упоенье,
</p><p align="center">И для него воскресли вновь
</p><p align="center">И божество, и вдохновенье,
</p><p align="center">И жизнь, и слезы, и любовь.
</p>
2023-10-08 08:05:03,505 - WARNING - Email sent: <p>Today is a lovely day! The temperature is <b>2°C</b> and the weather is <b>snow</b>.<p>
<p align="center">Федор Тютчев
</p><p align="center">Люблю глаза твои, мой друг
</p><p align="center">
</p><p align="center">
</p><p align="center">Люблю глаза твои, мой друг,
</p><p align="center">С игрой иx пламенно-чудесной,
</p><p align="center">Когда иx приподымешь вдруг
</p><p align="center">И, словно молнией небесной,
</p><p align="center">Окинешь бегло целый круг...
</p><p align="center">
</p><p align="center">
</p><p align="center">Но есть сильней очарованья:
</p><p align="center">Глаза, потупленные ниц
</p><p align="center">В минуты страстного лобзанья,
</p><p align="center">И сквозь опущенныx ресниц
</p><p align="center">Угрюмый, тусклый огнь желанья.
</p>
2023-10-09 08:05:04,285 - WARNING - Email sent: <p>Today is a lovely day! The temperature is <b>3°C</b> and the weather is <b>broken clouds</b>.<p>
<p align="center">В.Я.Брюсов
</p><p align="center">Звезды тихонько шептались
</p><p align="center">
</p><p align="center">Звезды тихонько шептались,
</p><p align="center">Звезды смотрели на нас.
</p><p align="center">Милая, верь мне,— в тот час
</p><p align="center">Звезды над нами смеялись.
</p><p align="center">
</p><p align="center">
</p><p align="center">Спрашивал я: «Не мечта ли?»;
</p><p align="center">Ты отвечала мне: «Да!»;
</p><p align="center">Верь, дорогая, тогда
</p><p align="center">Оба с тобою мы лгали.
</p>
2023-10-10 08:05:05,362 - WARNING - Email sent: <p>Today is a lovely day! The temperature is <b>1°C</b> and the weather is <b>clear sky</b>.<p>
<p align="center">Love my little fox so much! 🥺</p>
2023-10-11 08:05:04,587 - WARNING - Email sent: <p>Today is a lovely day! The temperature is <b>5°C</b> and the weather is <b>scattered clouds</b>.<p>
<p align="center">Love my little fox so much! 🥺</p>
2023-10-12 08:05:04,784 - WARNING - Email sent: <p>Today is a lovely day! The temperature is <b>10°C</b> and the weather is <b>overcast clouds</b>.<p>
<p align="center">Love my little fox so much! 🥺</p>
2023-10-13 08:05:03,870 - WARNING - Email sent: <p>Today is a lovely day! The temperature is <b>7°C</b> and the weather is <b>broken clouds</b>.<p>
<p align="center">Love my little fox so much! 🥺</p>
2023-10-13 19:38:26,015 - WARNING - Email sent: <p>Today is a lovely day! The temperature is <b>10°C</b> and the weather is <b>broken clouds</b>.<p>
<p align="center">Love my little fox so much! 🥺</p>
2023-10-13 19:39:30,520 - WARNING - Email sent: <p>Today is a lovely day! The temperature is <b>10°C</b> and the weather is <b>broken clouds</b>.<p>
<p align="center">Фёдор Тютчев
</p><p align="center">Люблю глаза твои, мой друг...
</p><p align="center">
</p><p align="center">Люблю глаза твои, мой друг,
</p><p align="center">С игрой их пламенно-чудесной,
</p><p align="center">Когда их приподымешь вдруг
</p><p align="center">И, словно молнией небесной,
</p><p align="center">Окинешь бегло целый круг...
</p><p align="center">
</p><p align="center">Но есть сильней очарованья:
</p><p align="center">Глаза, потупленные ниц
</p><p align="center">В минуты страстного лобзанья,
</p><p align="center">И сквозь опущенных ресниц
</p><p align="center">Угрюмый, тусклый огнь желанья.
</p>
2023-10-13 19:39:53,610 - WARNING - Email sent: <p>Today is a lovely day! The temperature is <b>10°C</b> and the weather is <b>broken clouds</b>.<p>
<p align="center">Александр Пушкин
</p><p align="center">Признание
</p><p align="center">
</p><p align="center">Я вас люблю, — хоть я бешусь,
</p><p align="center">Хоть это труд и стыд напрасный,
</p><p align="center">И в этой глупости несчастной
</p><p align="center">У ваших ног я признаюсь!
</p><p align="center">Мне не к лицу и не по летам…
</p><p align="center">Пора, пора мне быть умней!
</p><p align="center">Но узнаю по всем приметам
</p><p align="center">Болезнь любви в душе моей:
</p><p align="center">Без вас мне скучно, — я зеваю;
</p><p align="center">При вас мне грустно, — я терплю;
</p><p align="center">И, мочи нет, сказать желаю,
</p><p align="center">Мой ангел, как я вас люблю!
</p><p align="center">Когда я слышу из гостиной
</p><p align="center">Ваш легкий шаг, иль платья шум,
</p><p align="center">Иль голос девственный, невинный,
</p><p align="center">Я вдруг теряю весь свой ум.
</p><p align="center">Вы улыбнетесь, — мне отрада;
</p><p align="center">Вы отвернетесь, — мне тоска;
</p><p align="center">За день мучения — награда
</p><p align="center">Мне ваша бледная рука.
</p><p align="center">Когда за пяльцами прилежно
</p><p align="center">Сидите вы, склонясь небрежно,
</p><p align="center">Глаза и кудри опустя, —
</p><p align="center">Я в умиленье, молча, нежно
</p><p align="center">Любуюсь вами, как дитя!..
</p><p align="center">Сказать ли вам мое несчастье,
</p><p align="center">Мою ревнивую печаль,
</p><p align="center">Когда гулять, порой, в ненастье,
</p><p align="center">Вы собираетеся вдаль?
</p><p align="center">И ваши слезы в одиночку,
</p><p align="center">И речи в уголку вдвоем,
</p><p align="center">И путешествия в Опочку,
</p><p align="center">И фортепьяно вечерком?..
</p><p align="center">Алина! сжальтесь надо мною.
</p><p align="center">Не смею требовать любви.
</p><p align="center">Быть может, за грехи мои,
</p><p align="center">Мой ангел, я любви не стою!
</p><p align="center">Но притворитесь! Этот взгляд
</p><p align="center">Всё может выразить так чудно!
</p><p align="center">Ах, обмануть меня не трудно!..
</p><p align="center">Я сам обманываться рад!
</p>
2023-10-14 08:05:03,922 - WARNING - Email sent: <p>Today is a lovely day! The temperature is <b>7°C</b> and the weather is <b>light rain</b>.<p>
<p align="center">Анна Ахматова
</p><p align="center">Песенка
</p><p align="center">
</p><p align="center">Я на солнечном восходе
</p><p align="center">Про любовь пою,
</p><p align="center">На коленях в огороде
</p><p align="center">Лебеду полю.
</p><p align="center">
</p><p align="center">Вырываю и бросаю —
</p><p align="center">Пусть простит меня.
</p><p align="center">Вижу, девочка босая
</p><p align="center">Плачет у плетня.
</p><p align="center">
</p><p align="center">Страшно мне от звонких воплей
</p><p align="center">Голоса беды,
</p><p align="center">Всё сильнее запах тёплый
</p><p align="center">Мёртвой лебеды.
</p><p align="center">
</p><p align="center">Будет камень вместо хлеба
</p><p align="center">Мне наградой злой.
</p><p align="center">Надо мною только небо,
</p><p align="center">А со мною голос твой.
</p>
2023-10-15 08:05:04,831 - WARNING - Email sent: <p>Today is a lovely day! The temperature is <b>9°C</b> and the weather is <b>light rain</b>.<p>
<p align="center">Афанасий Фет
</p><p align="center">Люди спят; мой друг, пойдём в тенистый сад...
</p><p align="center">
</p><p align="center">Люди спят; мой друг, пойдём в тенистый сад.
</p><p align="center">Люди спят; одни лишь звёзды к нам глядят.
</p><p align="center">Да и те не видят нас среди ветвей
</p><p align="center">И не слышат — слышит только соловей...
</p><p align="center">Да и тот не слышит, — песнь его громка;
</p><p align="center">Разве слышат только сердце и рука:
</p><p align="center">Слышит сердце, сколько радостей земли,
</p><p align="center">Сколько счастия сюда мы принесли;
</p><p align="center">Да рука, услыша, сердцу говорит,
</p><p align="center">Что чужая в ней пылает и дрожит,
</p><p align="center">Что и ей от этой дрожи горячо,
</p><p align="center">Что к плечу невольно клонится плечо...
</p>
2023-10-16 08:05:05,245 - WARNING - Email sent: <p>Today is a lovely day! The temperature is <b>5°C</b> and the weather is <b>light rain</b>.<p>
<p align="center">I realized why my favorite composer love this poet
</p><p align="center">
</p><p align="center">Фёдор Тютчев
</p><p align="center">Певучесть есть в морских волнах...
</p><p align="center">
</p><p align="center">Est in arundineis modulatio musica ripis.
</p><p align="center">
</p><p align="center">Певучесть есть в морских волнах,
</p><p align="center">Гармония в стихийных спорах,
</p><p align="center">И стройный мусикийский шорох
</p><p align="center">Струится в зыбких камышах.
</p><p align="center">
</p><p align="center">Невозмутимый строй во всем,
</p><p align="center">Созвучье полное в природе, —
</p><p align="center">Лишь в нашей призрачной свободе
</p><p align="center">Разлад мы с нею сознаем.
</p><p align="center">
</p><p align="center">Откуда, как разлад возник?
</p><p align="center">И отчего же в общем хоре
</p><p align="center">Душа не то поет, что, море,
</p><p align="center">И ропщет мыслящий тростник?
</p><p align="center">
</p><p align="center">И от земли до крайних звезд
</p><p align="center">Всё безответен и поныне
</p><p align="center">Глас вопиющего в пустыне,
</p><p align="center">Души отчаянной протест?
</p>
2023-10-17 08:05:04,898 - WARNING - Email sent: <p>Today is a lovely day! The temperature is <b>4°C</b> and the weather is <b>overcast clouds</b>.<p>
<p align="center">Анна Ахматова
</p><p align="center">Песенка
</p><p align="center">
</p><p align="center">Я на солнечном восходе
</p><p align="center">Про любовь пою,
</p><p align="center">На коленях в огороде
</p><p align="center">Лебеду полю.
</p><p align="center">
</p><p align="center">Вырываю и бросаю —
</p><p align="center">Пусть простит меня.
</p><p align="center">Вижу, девочка босая
</p><p align="center">Плачет у плетня.
</p><p align="center">
</p><p align="center">Страшно мне от звонких воплей
</p><p align="center">Голоса беды,
</p><p align="center">Всё сильнее запах тёплый
</p><p align="center">Мёртвой лебеды.
</p><p align="center">
</p><p align="center">Будет камень вместо хлеба
</p><p align="center">Мне наградой злой.
</p><p align="center">Надо мною только небо,
</p><p align="center">А со мною голос твой.
</p>
2023-10-18 08:05:03,801 - WARNING - Email sent: <p>Today is a lovely day! The temperature is <b>2°C</b> and the weather is <b>broken clouds</b>.<p>
<p align="center">Марина Цветаева
</p><p align="center">Каждый стих — дитя любви...
</p><p align="center">
</p><p align="center">Каждый стих — дитя любви,
</p><p align="center">Нищий незаконнорожденный
</p><p align="center">Первенец — у колеи
</p><p align="center">На поклон ветрам — положенный.
</p><p align="center">
</p><p align="center">Сердцу ад и алтарь,
</p><p align="center">Сердцу — рай и позор.
</p><p align="center">Кто отец? — Может — царь.
</p><p align="center">Может — царь, может — вор.
</p>
2023-10-19 08:05:04,499 - WARNING - Email sent: <p>Today is a lovely day! The temperature is <b>2°C</b> and the weather is <b>light snow</b>.<p>
<p align="center">Your favorite Persian fantasies
</p><p align="center">
</p><p align="center">Сергей Есенин
</p><p align="center">Ты сказала, что Саади...
</p><p align="center">
</p><p align="center">Ты сказала, что Саади
</p><p align="center">Целовал лишь только в грудь.
</p><p align="center">Подожди ты, Бога ради,
</p><p align="center">Обучусь когда-нибудь!
</p><p align="center">
</p><p align="center">Ты пропела: «За Ефратом
</p><p align="center">Розы лучше смертных дев».
</p><p align="center">Если был бы я богатым,
</p><p align="center">То другой сложил напев.
</p><p align="center">
</p><p align="center">Я б порезал розы эти,
</p><p align="center">Ведь одна отрада мне —
</p><p align="center">Чтобы не было на свете
</p><p align="center">Лучше милой Шаганэ.
</p><p align="center">
</p><p align="center">И не мучь меня заветом,
</p><p align="center">У меня заветов нет.
</p><p align="center">Коль родился я поэтом,
</p><p align="center">То целуюсь, как поэт.
</p>
2023-10-20 08:05:03,563 - WARNING - Email sent: <p>Today is a lovely day! The temperature is <b>1°C</b> and the weather is <b>few clouds</b>.<p>
<p align="center">I like this one!
</p><p align="center">
</p><p align="center">Анна Ахматова
</p><p align="center">Широк и жёлт вечерний свет...
</p><p align="center">
</p><p align="center">Широк и жёлт вечерний свет,
</p><p align="center">Нежна апрельская прохлада.
</p><p align="center">Ты опоздал на много лет,
</p><p align="center">Но все-таки тебе я рада.
</p><p align="center">
</p><p align="center">Сюда ко мне поближе сядь,
</p><p align="center">Гляди весёлыми глазами:
</p><p align="center">Вот эта синяя тетрадь —
</p><p align="center">С моими детскими стихами.
</p><p align="center">
</p><p align="center">Прости, что я жила скорбя
</p><p align="center">И солнцу радовалась мало.
</p><p align="center">Прости, прости, что за тебя
</p><p align="center">Я слишком многих принимала.
</p>
2023-10-21 08:05:05,098 - WARNING - Email sent: <p>Today is a lovely day! The temperature is <b>0°C</b> and the weather is <b>scattered clouds</b>.<p>
<p align="center">I realized why my favorite composer love this poet
</p><p align="center">
</p><p align="center">Фёдор Тютчев
</p><p align="center">Певучесть есть в морских волнах...
</p><p align="center">
</p><p align="center">Est in arundineis modulatio musica ripis.
</p><p align="center">
</p><p align="center">Певучесть есть в морских волнах,
</p><p align="center">Гармония в стихийных спорах,
</p><p align="center">И стройный мусикийский шорох
</p><p align="center">Струится в зыбких камышах.
</p><p align="center">
</p><p align="center">Невозмутимый строй во всем,
</p><p align="center">Созвучье полное в природе, —
</p><p align="center">Лишь в нашей призрачной свободе
</p><p align="center">Разлад мы с нею сознаем.
</p><p align="center">
</p><p align="center">Откуда, как разлад возник?
</p><p align="center">И отчего же в общем хоре
</p><p align="center">Душа не то поет, что, море,
</p><p align="center">И ропщет мыслящий тростник?
</p><p align="center">
</p><p align="center">И от земли до крайних звезд
</p><p align="center">Всё безответен и поныне
</p><p align="center">Глас вопиющего в пустыне,
</p><p align="center">Души отчаянной протест?
</p>
2023-10-22 08:05:03,752 - WARNING - Email sent: <p>Today is a lovely day! The temperature is <b>-1°C</b> and the weather is <b>light snow</b>.<p>
<p align="center">Константин Батюшков
</p><p align="center">Я клялся боле не любить...
</p><p align="center">
</p><p align="center">Я клялся боле не любить
</p><p align="center">И клятвы верно не нарушу:
</p><p align="center">Велишь мне правду говорить?
</p><p align="center">И я — уже немного трушу!..
</p>
2023-10-23 08:05:04,397 - WARNING - Email sent: <p>Today is a lovely day! The temperature is <b>2°C</b> and the weather is <b>overcast clouds</b>.<p>
<p align="center">Фёдор Тютчев
</p><p align="center">Люблю глаза твои, мой друг...
</p><p align="center">
</p><p align="center">Люблю глаза твои, мой друг,
</p><p align="center">С игрой их пламенно-чудесной,
</p><p align="center">Когда их приподымешь вдруг
</p><p align="center">И, словно молнией небесной,
</p><p align="center">Окинешь бегло целый круг...
</p><p align="center">
</p><p align="center">Но есть сильней очарованья:
</p><p align="center">Глаза, потупленные ниц
</p><p align="center">В минуты страстного лобзанья,
</p><p align="center">И сквозь опущенных ресниц
</p><p align="center">Угрюмый, тусклый огнь желанья.
</p>
2023-10-24 08:05:05,420 - WARNING - Email sent: <p>Today is a lovely day! The temperature is <b>1°C</b> and the weather is <b>overcast clouds</b>.<p>
<p align="center">Анна Ахматова
</p><p align="center">Песенка
</p><p align="center">
</p><p align="center">Я на солнечном восходе
</p><p align="center">Про любовь пою,
</p><p align="center">На коленях в огороде
</p><p align="center">Лебеду полю.
</p><p align="center">
</p><p align="center">Вырываю и бросаю —
</p><p align="center">Пусть простит меня.
</p><p align="center">Вижу, девочка босая
</p><p align="center">Плачет у плетня.
</p><p align="center">
</p><p align="center">Страшно мне от звонких воплей
</p><p align="center">Голоса беды,
</p><p align="center">Всё сильнее запах тёплый
</p><p align="center">Мёртвой лебеды.
</p><p align="center">
</p><p align="center">Будет камень вместо хлеба
</p><p align="center">Мне наградой злой.
</p><p align="center">Надо мною только небо,
</p><p align="center">А со мною голос твой.
</p>
2023-10-25 08:05:03,543 - WARNING - Email sent: <p>Today is a lovely day! The temperature is <b>0°C</b> and the weather is <b>broken clouds</b>.<p>
<p align="center">Анна Ахматова
</p><p align="center">Вновь подарен мне дремотой...
</p><p align="center">
</p><p align="center">Вновь подарен мне дремотой
</p><p align="center">Наш последний звездный рай —
</p><p align="center">Город чистых водометов,
</p><p align="center">Золотой Бахчисарай.
</p><p align="center">
</p><p align="center">Там, за пестрою оградой,
</p><p align="center">У задумчивой воды,
</p><p align="center">Вспоминали мы с отрадой
</p><p align="center">Царскосельские сады,
</p><p align="center">
</p><p align="center">И орла Екатерины
</p><p align="center">Вдруг узнали — это тот!
</p><p align="center">Он слетел на дно долины
</p><p align="center">С пышных бронзовых ворот.
</p><p align="center">
</p><p align="center">Чтобы песнь прощальной боли
</p><p align="center">Дольше в памяти жила,
</p><p align="center">Осень смуглая в подоле
</p><p align="center">Красных листьев принесла
</p><p align="center">
</p><p align="center">И посыпала ступени,
</p><p align="center">Где прощалась я с тобой
</p><p align="center">И откуда в царство тени
</p><p align="center">Ты ушел, утешный мой.
</p>
2023-10-26 08:05:04,558 - WARNING - Email sent: <p>Today is a lovely day! The temperature is <b>-3°C</b> and the weather is <b>few clouds</b>.<p>
<p align="center">Марина Цветаева
</p><p align="center">Каждый стих — дитя любви...
</p><p align="center">
</p><p align="center">Каждый стих — дитя любви,
</p><p align="center">Нищий незаконнорожденный
</p><p align="center">Первенец — у колеи
</p><p align="center">На поклон ветрам — положенный.
</p><p align="center">
</p><p align="center">Сердцу ад и алтарь,
</p><p align="center">Сердцу — рай и позор.
</p><p align="center">Кто отец? — Может — царь.
</p><p align="center">Может — царь, может — вор.
</p>
2023-10-27 08:05:03,610 - WARNING - Email sent: <p>Today is a lovely day! The temperature is <b>-3°C</b> and the weather is <b>scattered clouds</b>.<p>
<p align="center">To our lovely dream! (COH)
</p><p align="center">
</p><p align="center">Алексей Плещеев
</p><p align="center">И у меня был край родной...
</p><p align="center">
</p><p align="center">И у меня был край родной;
</p><p align="center">        Прекрасен он!
</p><p align="center">Там ель качалась надо мной…
</p><p align="center">        Но то был сон!
</p><p align="center">
</p><p align="center">Семья друзей была жива.
</p><p align="center">        Со всех сторон
</p><p align="center">Звучали мне любви слова…
</p><p align="center">        Но то был сон!
</p>
2023-10-28 08:05:04,804 - WARNING - Email sent: <p>Today is a lovely day! The temperature is <b>-1°C</b> and the weather is <b>light snow</b>.<p>
<p align="center">Юлия Друнина
</p><p align="center">Ты рядом
</p><p align="center">
</p><p align="center">Ты - рядом, и все прекрасно:
</p><p align="center">И дождь, и холодный ветер.
</p><p align="center">Спасибо тебе, мой ясный,
</p><p align="center">За то, что ты есть на свете.
</p><p align="center">
</p><p align="center">Спасибо за эти губы,
</p><p align="center">Спасибо за руки эти.
</p><p align="center">Спасибо тебе, мой любый,
</p><p align="center">За то, что ты есть на свете.
</p><p align="center">
</p><p align="center">Ты - рядом, а ведь могли бы
</p><p align="center">Друг друга совсем не встретить..
</p><p align="center">Единственный мой, спасибо
</p><p align="center">За то, что ты есть на свете!
</p>
2023-10-29 08:05:03,913 - WARNING - Email sent: <p>Today is a lovely day! The temperature is <b>-1°C</b> and the weather is <b>overcast clouds</b>.<p>
<p align="center">Today not a love poem!
</p><p align="center">
</p><p align="center">Анна Ахматова
</p><p align="center">Муза
</p><p align="center">
</p><p align="center">Когда я ночью жду ее прихода,
</p><p align="center">Жизнь, кажется, висит на волоске.
</p><p align="center">Что почести, что юность, что свобода
</p><p align="center">Пред милой гостьей с дудочкой в руке.
</p><p align="center">
</p><p align="center">И вот вошла. Откинув покрывало,
</p><p align="center">Внимательно взглянула на меня.
</p><p align="center">Ей говорю: «Ты ль Данту диктовала
</p><p align="center">Страницы Ада?» Отвечает: «Я».
</p>
2023-10-30 08:05:04,885 - WARNING - Email sent: <p>Today is a lovely day! The temperature is <b>0°C</b> and the weather is <b>broken clouds</b>.<p>
<p align="center">Марина Цветаева
</p><p align="center">Каждый стих — дитя любви...
</p><p align="center">
</p><p align="center">Каждый стих — дитя любви,
</p><p align="center">Нищий незаконнорожденный
</p><p align="center">Первенец — у колеи
</p><p align="center">На поклон ветрам — положенный.
</p><p align="center">
</p><p align="center">Сердцу ад и алтарь,
</p><p align="center">Сердцу — рай и позор.
</p><p align="center">Кто отец? — Может — царь.
</p><p align="center">Может — царь, может — вор.
</p>
2023-10-31 08:05:05,146 - WARNING - Email sent: <p>Today is a lovely day! The temperature is <b>-1°C</b> and the weather is <b>overcast clouds</b>.<p>
<p align="center">Александр Пушкин
</p><p align="center">К ***
</p><p align="center">
</p><p align="center">Я помню чудное мгновенье:
</p><p align="center">Передо мной явилась ты,
</p><p align="center">Как мимолетное виденье,
</p><p align="center">Как гений чистой красоты.
</p><p align="center">
</p><p align="center">В томленьях грусти безнадежной,
</p><p align="center">В тревогах шумной суеты,
</p><p align="center">Звучал мне долго голос нежный
</p><p align="center">И снились милые черты.
</p><p align="center">
</p><p align="center">Шли годы. Бурь порыв мятежный
</p><p align="center">Рассеял прежние мечты,
</p><p align="center">И я забыл твой голос нежный,
</p><p align="center">Твои небесные черты.
</p><p align="center">
</p><p align="center">В глуши, во мраке заточенья
</p><p align="center">Тянулись тихо дни мои
</p><p align="center">Без божества, без вдохновенья,
</p><p align="center">Без слез, без жизни, без любви.
</p><p align="center">
</p><p align="center">Душе настало пробужденье:
</p><p align="center">И вот опять явилась ты,
</p><p align="center">Как мимолетное виденье,
</p><p align="center">Как гений чистой красоты.
</p><p align="center">
</p><p align="center">И сердце бьется в упоенье,
</p><p align="center">И для него воскресли вновь
</p><p align="center">И божество, и вдохновенье,
</p><p align="center">И жизнь, и слезы, и любовь.
</p>
2023-11-01 08:05:03,916 - WARNING - Email sent: <p>Today is a lovely day! The temperature is <b>4°C</b> and the weather is <b>light rain</b>.<p>
<p align="center">Love my little fox so much! 🥺</p>
2023-11-02 08:05:04,974 - WARNING - Email sent: <p>Today is a lovely day! The temperature is <b>5°C</b> and the weather is <b>broken clouds</b>.<p>
<p align="center">Александр Пушкин
</p><p align="center">Признание
</p><p align="center">
</p><p align="center">Я вас люблю, — хоть я бешусь,
</p><p align="center">Хоть это труд и стыд напрасный,
</p><p align="center">И в этой глупости несчастной
</p><p align="center">У ваших ног я признаюсь!
</p><p align="center">Мне не к лицу и не по летам…
</p><p align="center">Пора, пора мне быть умней!
</p><p align="center">Но узнаю по всем приметам
</p><p align="center">Болезнь любви в душе моей:
</p><p align="center">Без вас мне скучно, — я зеваю;
</p><p align="center">При вас мне грустно, — я терплю;
</p><p align="center">И, мочи нет, сказать желаю,
</p><p align="center">Мой ангел, как я вас люблю!
</p><p align="center">Когда я слышу из гостиной
</p><p align="center">Ваш легкий шаг, иль платья шум,
</p><p align="center">Иль голос девственный, невинный,
</p><p align="center">Я вдруг теряю весь свой ум.
</p><p align="center">Вы улыбнетесь, — мне отрада;
</p><p align="center">Вы отвернетесь, — мне тоска;
</p><p align="center">За день мучения — награда
</p><p align="center">Мне ваша бледная рука.
</p><p align="center">Когда за пяльцами прилежно
</p><p align="center">Сидите вы, склонясь небрежно,
</p><p align="center">Глаза и кудри опустя, —
</p><p align="center">Я в умиленье, молча, нежно
</p><p align="center">Любуюсь вами, как дитя!..
</p><p align="center">Сказать ли вам мое несчастье,
</p><p align="center">Мою ревнивую печаль,
</p><p align="center">Когда гулять, порой, в ненастье,
</p><p align="center">Вы собираетеся вдаль?
</p><p align="center">И ваши слезы в одиночку,
</p><p align="center">И речи в уголку вдвоем,
</p><p align="center">И путешествия в Опочку,
</p><p align="center">И фортепьяно вечерком?..
</p><p align="center">Алина! сжальтесь надо мною.
</p><p align="center">Не смею требовать любви.
</p><p align="center">Быть может, за грехи мои,
</p><p align="center">Мой ангел, я любви не стою!
</p><p align="center">Но притворитесь! Этот взгляд
</p><p align="center">Всё может выразить так чудно!
</p><p align="center">Ах, обмануть меня не трудно!..
</p><p align="center">Я сам обманываться рад!
</p>
2023-11-03 08:05:05,906 - WARNING - Email sent: <p>Today is a lovely day! The temperature is <b>0°C</b> and the weather is <b>overcast clouds</b>.<p>
<p align="center">Леонид Мартынов
</p><p align="center">Любовь
</p><p align="center">
</p><p align="center">Ты жива,
</p><p align="center">Ты жива!
</p><p align="center">Не сожгли тебя пламень и лава,
</p><p align="center">Не засыпало пеплом, а только задело едва.
</p><p align="center">Ты жива,
</p><p align="center">Как трава,
</p><p align="center">Увядать не имевшая права.
</p><p align="center">Будешь ты и в снегах
</p><p align="center">Зелена, и поздней Покрова.
</p><p align="center">
</p><p align="center">И ещё над могилой моей
</p><p align="center">Ты взойдёшь, как посмертная слава.
</p><p align="center">И не будет меня ―
</p><p align="center">Ты останешься вечно жива.
</p><p align="center">Говори не слова,
</p><p align="center">А в ответ лишь кивай величаво―
</p><p align="center">Улыбнись и кивни,
</p><p align="center">Чтоб замолкла пустая молва.
</p><p align="center">
</p><p align="center">Ты жива,
</p><p align="center">Ты права,
</p><p align="center">Ты отрада моя и отрава.
</p><p align="center">Каждый час на земле ―
</p><p align="center">Это час твоего торжества!
</p>
2023-11-04 08:05:04,682 - WARNING - Email sent: <p>Today is a lovely day! The temperature is <b>4°C</b> and the weather is <b>overcast clouds</b>.<p>
<p align="center">Марина Цветаева
</p><p align="center">Каждый стих — дитя любви...
</p><p align="center">
</p><p align="center">Каждый стих — дитя любви,
</p><p align="center">Нищий незаконнорожденный
</p><p align="center">Первенец — у колеи
</p><p align="center">На поклон ветрам — положенный.
</p><p align="center">
</p><p align="center">Сердцу ад и алтарь,
</p><p align="center">Сердцу — рай и позор.
</p><p align="center">Кто отец? — Может — царь.
</p><p align="center">Может — царь, может — вор.
</p>
2023-11-05 08:05:04,852 - WARNING - Email sent: <p>Today is a lovely day! The temperature is <b>6°C</b> and the weather is <b>overcast clouds</b>.<p>
<p align="center">Михаил Лермонтов
</p><p align="center">Нет, не тебя так пылко я люблю...
</p><p align="center">
</p><p align="center">Нет, не тебя так пылко я люблю,
</p><p align="center">Не для меня красы твоей блистанье:
</p><p align="center">Люблю в тебе я прошлое страданье
</p><p align="center">И молодость погибшую мою.
</p><p align="center">
</p><p align="center">Когда порой я на тебя смотрю,
</p><p align="center">В твои глаза вникая долгим взором,
</p><p align="center">Таинственным я занят разговором,
</p><p align="center">Но не с тобой я сердцем говорю.
</p><p align="center">
</p><p align="center">Я говорю с подругой юных дней,
</p><p align="center">В твоих чертах ищу черты другие,
</p><p align="center">В устах живых — уста давно немые,
</p><p align="center">В глазах — огонь угаснувших очей.
</p>
2023-11-06 08:05:09,186 - WARNING - Email sent: <p>Today is a lovely day! The temperature is <b>6°C</b> and the weather is <b>overcast clouds</b>.<p>
<p align="center">I like this one!
</p><p align="center">
</p><p align="center">Анна Ахматова
</p><p align="center">Широк и жёлт вечерний свет...
</p><p align="center">
</p><p align="center">Широк и жёлт вечерний свет,
</p><p align="center">Нежна апрельская прохлада.
</p><p align="center">Ты опоздал на много лет,
</p><p align="center">Но все-таки тебе я рада.
</p><p align="center">
</p><p align="center">Сюда ко мне поближе сядь,
</p><p align="center">Гляди весёлыми глазами:
</p><p align="center">Вот эта синяя тетрадь —
</p><p align="center">С моими детскими стихами.
</p><p align="center">
</p><p align="center">Прости, что я жила скорбя
</p><p align="center">И солнцу радовалась мало.
</p><p align="center">Прости, прости, что за тебя
</p><p align="center">Я слишком многих принимала.
</p>
2023-11-07 08:05:03,635 - WARNING - Email sent: <p>Today is a lovely day! The temperature is <b>5°C</b> and the weather is <b>overcast clouds</b>.<p>
<p align="center">Enjoy the trip with your Роза!</p>
2023-11-08 08:05:05,162 - WARNING - Email sent: <p>Today is a lovely day! The temperature is <b>6°C</b> and the weather is <b>light rain</b>.<p>
<p align="center">Enjoy the trip with your Роза!</p>
2023-11-09 08:05:04,715 - WARNING - Email sent: <p>Today is a lovely day! The temperature is <b>5°C</b> and the weather is <b>overcast clouds</b>.<p>
<p align="center">Enjoy the trip with your Роза!</p>
2023-11-10 08:05:05,127 - WARNING - Email sent: <p>Today is a lovely day! The temperature is <b>6°C</b> and the weather is <b>broken clouds</b>.<p>
<p align="center">Enjoy the trip with your Роза!</p>
2023-11-11 08:05:04,357 - WARNING - Email sent: <p>Today is a lovely day! The temperature is <b>6°C</b> and the weather is <b>light rain</b>.<p>
<p align="center">Enjoy the trip with your Роза!</p>
2023-11-12 08:05:05,677 - WARNING - Email sent: <p>Today is a lovely day! The temperature is <b>6°C</b> and the weather is <b>light rain</b>.<p>
<p align="center">Enjoy the trip with your Роза!</p>
2023-11-13 08:05:04,185 - WARNING - Email sent: <p>Today is a lovely day! The temperature is <b>3°C</b> and the weather is <b>light rain</b>.<p>
<p align="center">Enjoy the trip with your Роза!</p>
2023-11-14 08:05:04,910 - WARNING - Email sent: <p>Today is a lovely day! The temperature is <b>0°C</b> and the weather is <b>light snow</b>.<p>
<p align="center">Enjoy the trip with your Роза!</p>
2023-11-15 08:05:03,933 - WARNING - Email sent: <p>Today is a lovely day! The temperature is <b>0°C</b> and the weather is <b>light snow</b>.<p>
<p align="center">Enjoy the trip with your Роза!</p>
2023-11-16 08:05:05,227 - WARNING - Email sent: <p>Today is a lovely day! The temperature is <b>-2°C</b> and the weather is <b>broken clouds</b>.<p>
<p align="center">Enjoy the trip with your Роза!</p>
2023-11-17 08:05:04,863 - WARNING - Email sent: <p>Today is a lovely day! The temperature is <b>-4°C</b> and the weather is <b>broken clouds</b>.<p>
<p align="center">Enjoy the trip with your Роза!</p>
2023-11-18 08:05:05,115 - WARNING - Email sent: <p>Today is a lovely day! The temperature is <b>-7°C</b> and the weather is <b>few clouds</b>.<p>
<p align="center">Enjoy the trip with your Роза!</p>
2023-11-19 08:05:03,973 - WARNING - Email sent: <p>Today is a lovely day! The temperature is <b>-6°C</b> and the weather is <b>scattered clouds</b>.<p>
<p align="center">Enjoy the trip with your Роза!</p>
2023-11-20 08:05:05,187 - WARNING - Email sent: <p>Today is a lovely day! The temperature is <b>-6°C</b> and the weather is <b>broken clouds</b>.<p>
<p align="center">Enjoy the trip with your Роза!</p>
2023-11-21 08:05:05,460 - WARNING - Email sent: <p>Today is a lovely day! The temperature is <b>-7°C</b> and the weather is <b>overcast clouds</b>.<p>
<p align="center">Enjoy the trip with your Роза!</p>
2023-11-22 08:05:04,603 - WARNING - Email sent: <p>Today is a lovely day! The temperature is <b>-7°C</b> and the weather is <b>few clouds</b>.<p>
<p align="center">Сергей Есенин
</p><p align="center">Никогда я не был на Босфоре...
</p><p align="center">
</p><p align="center">Никогда я не был на Босфоре,
</p><p align="center">Ты меня не спрашивай о нем.
</p><p align="center">Я в твоих глазах увидел море,
</p><p align="center">Полыхающее голубым огнем.
</p><p align="center">
</p><p align="center">Не ходил в Багдад я с караваном,
</p><p align="center">Не возил я шелк туда и хну.
</p><p align="center">Наклонись своим красивым станом,
</p><p align="center">На коленях дай мне отдохнуть.
</p><p align="center">
</p><p align="center">Или снова, сколько ни проси я,
</p><p align="center">Для тебя навеки дела нет,
</p><p align="center">Что в далеком имени — Россия —
</p><p align="center">Я известный, признанный поэт.
</p><p align="center">
</p><p align="center">У меня в душе звенит тальянка,
</p><p align="center">При луне собачий слышу лай.
</p><p align="center">Разве ты не хочешь, персиянка,
</p><p align="center">Увидать далекий, синий край?
</p><p align="center">
</p><p align="center">Я сюда приехал не от скуки —
</p><p align="center">Ты меня, незримая, звала.
</p><p align="center">И меня твои лебяжьи руки
</p><p align="center">Обвивали, словно два крыла.
</p><p align="center">
</p><p align="center">Я давно ищу в судьбе покоя,
</p><p align="center">И хоть прошлой жизни не кляну,
</p><p align="center">Расскажи мне что-нибудь такое
</p><p align="center">Про твою веселую страну.
</p><p align="center">
</p><p align="center">Заглуши в душе тоску тальянки,
</p><p align="center">Напои дыханьем свежих чар,
</p><p align="center">Чтобы я о дальней северянке
</p><p align="center">Не вздыхал, не думал, не скучал.
</p><p align="center">
</p><p align="center">И хотя я не был на Босфоре —
</p><p align="center">Я тебе придумаю о нем.
</p><p align="center">Все равно — глаза твои, как море,
</p><p align="center">Голубым колышутся огнем.
</p>
2023-11-23 08:05:04,884 - WARNING - Email sent: <p>Today is a lovely day! The temperature is <b>-5°C</b> and the weather is <b>light snow</b>.<p>
<p align="center">Михаил Лермонтов
</p><p align="center">Нет, не тебя так пылко я люблю...
</p><p align="center">
</p><p align="center">Нет, не тебя так пылко я люблю,
</p><p align="center">Не для меня красы твоей блистанье:
</p><p align="center">Люблю в тебе я прошлое страданье
</p><p align="center">И молодость погибшую мою.
</p><p align="center">
</p><p align="center">Когда порой я на тебя смотрю,
</p><p align="center">В твои глаза вникая долгим взором,
</p><p align="center">Таинственным я занят разговором,
</p><p align="center">Но не с тобой я сердцем говорю.
</p><p align="center">
</p><p align="center">Я говорю с подругой юных дней,
</p><p align="center">В твоих чертах ищу черты другие,
</p><p align="center">В устах живых — уста давно немые,
</p><p align="center">В глазах — огонь угаснувших очей.
</p>
2023-11-24 08:05:05,590 - WARNING - Email sent: <p>Today is a lovely day! The temperature is <b>-4°C</b> and the weather is <b>overcast clouds</b>.<p>
<p align="center">Михаил Лермонтов
</p><p align="center">На севере диком стоит одиноко...
</p><p align="center">
</p><p align="center">На севере диком стоит одиноко
</p><p align="center">    На голой вершине сосна
</p><p align="center">И дремлет, качаясь, и снегом сыпучим
</p><p align="center">    Одета, как ризой, она.
</p><p align="center">
</p><p align="center">И снится ей всё, что в пустыне далекой,
</p><p align="center">    В том крае, где солнца восход,
</p><p align="center">Одна и грустна, на утесе горючем
</p><p align="center">    Прекрасная пальма растет.
</p>
2023-11-25 08:05:04,363 - WARNING - Email sent: <p>Today is a lovely day! The temperature is <b>-8°C</b> and the weather is <b>light snow</b>.<p>
<p align="center">Михаил Лермонтов
</p><p align="center">Нет, не тебя так пылко я люблю...
</p><p align="center">
</p><p align="center">Нет, не тебя так пылко я люблю,
</p><p align="center">Не для меня красы твоей блистанье:
</p><p align="center">Люблю в тебе я прошлое страданье
</p><p align="center">И молодость погибшую мою.
</p><p align="center">
</p><p align="center">Когда порой я на тебя смотрю,
</p><p align="center">В твои глаза вникая долгим взором,
</p><p align="center">Таинственным я занят разговором,
</p><p align="center">Но не с тобой я сердцем говорю.
</p><p align="center">
</p><p align="center">Я говорю с подругой юных дней,
</p><p align="center">В твоих чертах ищу черты другие,
</p><p align="center">В устах живых — уста давно немые,
</p><p align="center">В глазах — огонь угаснувших очей.
</p>
2023-11-26 08:05:05,349 - WARNING - Email sent: <p>Today is a lovely day! The temperature is <b>-15°C</b> and the weather is <b>broken clouds</b>.<p>
<p align="center">Михаил Лермонтов
</p><p align="center">Нет, не тебя так пылко я люблю...
</p><p align="center">
</p><p align="center">Нет, не тебя так пылко я люблю,
</p><p align="center">Не для меня красы твоей блистанье:
</p><p align="center">Люблю в тебе я прошлое страданье
</p><p align="center">И молодость погибшую мою.
</p><p align="center">
</p><p align="center">Когда порой я на тебя смотрю,
</p><p align="center">В твои глаза вникая долгим взором,
</p><p align="center">Таинственным я занят разговором,
</p><p align="center">Но не с тобой я сердцем говорю.
</p><p align="center">
</p><p align="center">Я говорю с подругой юных дней,
</p><p align="center">В твоих чертах ищу черты другие,
</p><p align="center">В устах живых — уста давно немые,
</p><p align="center">В глазах — огонь угаснувших очей.
</p>
2023-11-27 08:05:04,486 - WARNING - Email sent: <p>Today is a lovely day! The temperature is <b>-7°C</b> and the weather is <b>light snow</b>.<p>
<p align="center">It was said that Rachmaninoff wrote his Rocks based on the inspiration from this poem.
</p><p align="center">
</p><p align="center">Михаил Лермонтов
</p><p align="center">Утес
</p><p align="center">
</p><p align="center">Ночевала тучка золотая
</p><p align="center">На груди утеса-великана,
</p><p align="center">Утром в путь она умчалась рано,
</p><p align="center">По лазури весело играя.
</p><p align="center">
</p><p align="center">Но остался влажный след в морщине
</p><p align="center">Старого утеса. Одиноко
</p><p align="center">Он стоит, задумался глубоко,
</p><p align="center">И тихонько плачет он в пустыне.
</p>
2023-11-28 08:05:05,015 - WARNING - Email sent: <p>Today is a lovely day! The temperature is <b>-3°C</b> and the weather is <b>light snow</b>.<p>
<p align="center">Михаил Лермонтов
</p><p align="center">Нет, не тебя так пылко я люблю...
</p><p align="center">
</p><p align="center">Нет, не тебя так пылко я люблю,
</p><p align="center">Не для меня красы твоей блистанье:
</p><p align="center">Люблю в тебе я прошлое страданье
</p><p align="center">И молодость погибшую мою.
</p><p align="center">
</p><p align="center">Когда порой я на тебя смотрю,
</p><p align="center">В твои глаза вникая долгим взором,
</p><p align="center">Таинственным я занят разговором,
</p><p align="center">Но не с тобой я сердцем говорю.
</p><p align="center">
</p><p align="center">Я говорю с подругой юных дней,
</p><p align="center">В твоих чертах ищу черты другие,
</p><p align="center">В устах живых — уста давно немые,
</p><p align="center">В глазах — огонь угаснувших очей.
</p>
2023-11-29 08:05:05,143 - WARNING - Email sent: <p>Today is a lovely day! The temperature is <b>-8°C</b> and the weather is <b>broken clouds</b>.<p>
<p align="center">Михаил Лермонтов
</p><p align="center">Нет, не тебя так пылко я люблю...
</p><p align="center">
</p><p align="center">Нет, не тебя так пылко я люблю,
</p><p align="center">Не для меня красы твоей блистанье:
</p><p align="center">Люблю в тебе я прошлое страданье
</p><p align="center">И молодость погибшую мою.
</p><p align="center">
</p><p align="center">Когда порой я на тебя смотрю,
</p><p align="center">В твои глаза вникая долгим взором,
</p><p align="center">Таинственным я занят разговором,
</p><p align="center">Но не с тобой я сердцем говорю.
</p><p align="center">
</p><p align="center">Я говорю с подругой юных дней,
</p><p align="center">В твоих чертах ищу черты другие,
</p><p align="center">В устах живых — уста давно немые,
</p><p align="center">В глазах — огонь угаснувших очей.
</p>
2023-11-30 08:05:05,452 - WARNING - Email sent: <p>Today is a lovely day! The temperature is <b>-5°C</b> and the weather is <b>light snow</b>.<p>
<p align="center">It was said that Rachmaninoff wrote his Rocks based on the inspiration from this poem.
</p><p align="center">
</p><p align="center">Михаил Лермонтов
</p><p align="center">Утес
</p><p align="center">
</p><p align="center">Ночевала тучка золотая
</p><p align="center">На груди утеса-великана,
</p><p align="center">Утром в путь она умчалась рано,
</p><p align="center">По лазури весело играя.
</p><p align="center">
</p><p align="center">Но остался влажный след в морщине
</p><p align="center">Старого утеса. Одиноко
</p><p align="center">Он стоит, задумался глубоко,
</p><p align="center">И тихонько плачет он в пустыне.
</p>
2023-12-01 08:05:03,848 - WARNING - Email sent: <p>Today is a lovely day! The temperature is <b>-5°C</b> and the weather is <b>light snow</b>.<p>
<p align="center">Love my little fox so much! 🥺</p>
2023-12-02 08:05:05,065 - WARNING - Email sent: <p>Today is a lovely day! The temperature is <b>-9°C</b> and the weather is <b>broken clouds</b>.<p>
<p align="center">It was said that Rachmaninoff wrote his Rocks based on the inspiration from this poem.
</p><p align="center">
</p><p align="center">Михаил Лермонтов
</p><p align="center">Утес
</p><p align="center">
</p><p align="center">Ночевала тучка золотая
</p><p align="center">На груди утеса-великана,
</p><p align="center">Утром в путь она умчалась рано,
</p><p align="center">По лазури весело играя.
</p><p align="center">
</p><p align="center">Но остался влажный след в морщине
</p><p align="center">Старого утеса. Одиноко
</p><p align="center">Он стоит, задумался глубоко,
</p><p align="center">И тихонько плачет он в пустыне.
</p>
2023-12-03 08:05:05,368 - WARNING - Email sent: <p>Today is a lovely day! The temperature is <b>-10°C</b> and the weather is <b>broken clouds</b>.<p>
<p align="center">It was said that Rachmaninoff wrote his Rocks based on the inspiration from this poem.
</p><p align="center">
</p><p align="center">Михаил Лермонтов
</p><p align="center">Утес
</p><p align="center">
</p><p align="center">Ночевала тучка золотая
</p><p align="center">На груди утеса-великана,
</p><p align="center">Утром в путь она умчалась рано,
</p><p align="center">По лазури весело играя.
</p><p align="center">
</p><p align="center">Но остался влажный след в морщине
</p><p align="center">Старого утеса. Одиноко
</p><p align="center">Он стоит, задумался глубоко,
</p><p align="center">И тихонько плачет он в пустыне.
</p>
2023-12-04 08:05:03,997 - WARNING - Email sent: <p>Today is a lovely day! The temperature is <b>-9°C</b> and the weather is <b>light snow</b>.<p>
<p align="center">Михаил Лермонтов
</p><p align="center">Нет, не тебя так пылко я люблю...
</p><p align="center">
</p><p align="center">Нет, не тебя так пылко я люблю,
</p><p align="center">Не для меня красы твоей блистанье:
</p><p align="center">Люблю в тебе я прошлое страданье
</p><p align="center">И молодость погибшую мою.
</p><p align="center">
</p><p align="center">Когда порой я на тебя смотрю,
</p><p align="center">В твои глаза вникая долгим взором,
</p><p align="center">Таинственным я занят разговором,
</p><p align="center">Но не с тобой я сердцем говорю.
</p><p align="center">
</p><p align="center">Я говорю с подругой юных дней,
</p><p align="center">В твоих чертах ищу черты другие,
</p><p align="center">В устах живых — уста давно немые,
</p><p align="center">В глазах — огонь угаснувших очей.
</p>
2023-12-05 08:05:05,460 - WARNING - Email sent: <p>Today is a lovely day! The temperature is <b>-12°C</b> and the weather is <b>broken clouds</b>.<p>
<p align="center">Михаил Лермонтов
</p><p align="center">На севере диком стоит одиноко...
</p><p align="center">
</p><p align="center">На севере диком стоит одиноко
</p><p align="center">    На голой вершине сосна
</p><p align="center">И дремлет, качаясь, и снегом сыпучим
</p><p align="center">    Одета, как ризой, она.
</p><p align="center">
</p><p align="center">И снится ей всё, что в пустыне далекой,
</p><p align="center">    В том крае, где солнца восход,
</p><p align="center">Одна и грустна, на утесе горючем
</p><p align="center">    Прекрасная пальма растет.
</p>
2023-12-06 08:05:03,285 - WARNING - Email sent: <p>Today is a lovely day! The temperature is <b>-16°C</b> and the weather is <b>broken clouds</b>.<p>
<p align="center">Михаил Лермонтов
</p><p align="center">На севере диком стоит одиноко...
</p><p align="center">
</p><p align="center">На севере диком стоит одиноко
</p><p align="center">    На голой вершине сосна
</p><p align="center">И дремлет, качаясь, и снегом сыпучим
</p><p align="center">    Одета, как ризой, она.
</p><p align="center">
</p><p align="center">И снится ей всё, что в пустыне далекой,
</p><p align="center">    В том крае, где солнца восход,
</p><p align="center">Одна и грустна, на утесе горючем
</p><p align="center">    Прекрасная пальма растет.
</p>
2023-12-07 08:05:05,887 - WARNING - Email sent: <p>Today is a lovely day! The temperature is <b>-18°C</b> and the weather is <b>broken clouds</b>.<p>
<p align="center">Сергей Есенин
</p><p align="center">Никогда я не был на Босфоре...
</p><p align="center">
</p><p align="center">Никогда я не был на Босфоре,
</p><p align="center">Ты меня не спрашивай о нем.
</p><p align="center">Я в твоих глазах увидел море,
</p><p align="center">Полыхающее голубым огнем.
</p><p align="center">
</p><p align="center">Не ходил в Багдад я с караваном,
</p><p align="center">Не возил я шелк туда и хну.
</p><p align="center">Наклонись своим красивым станом,
</p><p align="center">На коленях дай мне отдохнуть.
</p><p align="center">
</p><p align="center">Или снова, сколько ни проси я,
</p><p align="center">Для тебя навеки дела нет,
</p><p align="center">Что в далеком имени — Россия —
</p><p align="center">Я известный, признанный поэт.
</p><p align="center">
</p><p align="center">У меня в душе звенит тальянка,
</p><p align="center">При луне собачий слышу лай.
</p><p align="center">Разве ты не хочешь, персиянка,
</p><p align="center">Увидать далекий, синий край?
</p><p align="center">
</p><p align="center">Я сюда приехал не от скуки —
</p><p align="center">Ты меня, незримая, звала.
</p><p align="center">И меня твои лебяжьи руки
</p><p align="center">Обвивали, словно два крыла.
</p><p align="center">
</p><p align="center">Я давно ищу в судьбе покоя,
</p><p align="center">И хоть прошлой жизни не кляну,
</p><p align="center">Расскажи мне что-нибудь такое
</p><p align="center">Про твою веселую страну.
</p><p align="center">
</p><p align="center">Заглуши в душе тоску тальянки,
</p><p align="center">Напои дыханьем свежих чар,
</p><p align="center">Чтобы я о дальней северянке
</p><p align="center">Не вздыхал, не думал, не скучал.
</p><p align="center">
</p><p align="center">И хотя я не был на Босфоре —
</p><p align="center">Я тебе придумаю о нем.
</p><p align="center">Все равно — глаза твои, как море,
</p><p align="center">Голубым колышутся огнем.
</p>
2023-12-08 08:05:04,345 - WARNING - Email sent: <p>Today is a lovely day! The temperature is <b>-18°C</b> and the weather is <b>scattered clouds</b>.<p>
<p align="center">Михаил Лермонтов
</p><p align="center">На севере диком стоит одиноко...
</p><p align="center">
</p><p align="center">На севере диком стоит одиноко
</p><p align="center">    На голой вершине сосна
</p><p align="center">И дремлет, качаясь, и снегом сыпучим
</p><p align="center">    Одета, как ризой, она.
</p><p align="center">
</p><p align="center">И снится ей всё, что в пустыне далекой,
</p><p align="center">    В том крае, где солнца восход,
</p><p align="center">Одна и грустна, на утесе горючем
</p><p align="center">    Прекрасная пальма растет.
</p>
2023-12-09 08:05:05,564 - WARNING - Email sent: <p>Today is a lovely day! The temperature is <b>-12°C</b> and the weather is <b>light snow</b>.<p>
<p align="center">It was said that Rachmaninoff wrote his Rocks based on the inspiration from this poem.
</p><p align="center">
</p><p align="center">Михаил Лермонтов
</p><p align="center">Утес
</p><p align="center">
</p><p align="center">Ночевала тучка золотая
</p><p align="center">На груди утеса-великана,
</p><p align="center">Утром в путь она умчалась рано,
</p><p align="center">По лазури весело играя.
</p><p align="center">
</p><p align="center">Но остался влажный след в морщине
</p><p align="center">Старого утеса. Одиноко
</p><p align="center">Он стоит, задумался глубоко,
</p><p align="center">И тихонько плачет он в пустыне.
</p>
2023-12-10 08:05:03,853 - WARNING - Email sent: <p>Today is a lovely day! The temperature is <b>-11°C</b> and the weather is <b>light snow</b>.<p>
<p align="center">Михаил Лермонтов
</p><p align="center">На севере диком стоит одиноко...
</p><p align="center">
</p><p align="center">На севере диком стоит одиноко
</p><p align="center">    На голой вершине сосна
</p><p align="center">И дремлет, качаясь, и снегом сыпучим
</p><p align="center">    Одета, как ризой, она.
</p><p align="center">
</p><p align="center">И снится ей всё, что в пустыне далекой,
</p><p align="center">    В том крае, где солнца восход,
</p><p align="center">Одна и грустна, на утесе горючем
</p><p align="center">    Прекрасная пальма растет.
</p>
2023-12-11 08:05:05,476 - WARNING - Email sent: <p>Today is a lovely day! The temperature is <b>-11°C</b> and the weather is <b>scattered clouds</b>.<p>
<p align="center">Михаил Лермонтов
</p><p align="center">Нет, не тебя так пылко я люблю...
</p><p align="center">
</p><p align="center">Нет, не тебя так пылко я люблю,
</p><p align="center">Не для меня красы твоей блистанье:
</p><p align="center">Люблю в тебе я прошлое страданье
</p><p align="center">И молодость погибшую мою.
</p><p align="center">
</p><p align="center">Когда порой я на тебя смотрю,
</p><p align="center">В твои глаза вникая долгим взором,
</p><p align="center">Таинственным я занят разговором,
</p><p align="center">Но не с тобой я сердцем говорю.
</p><p align="center">
</p><p align="center">Я говорю с подругой юных дней,
</p><p align="center">В твоих чертах ищу черты другие,
</p><p align="center">В устах живых — уста давно немые,
</p><p align="center">В глазах — огонь угаснувших очей.
</p>
2023-12-12 08:05:04,430 - WARNING - Email sent: <p>Today is a lovely day! The temperature is <b>-6°C</b> and the weather is <b>light snow</b>.<p>
<p align="center">It was said that Rachmaninoff wrote his Rocks based on the inspiration from this poem.
</p><p align="center">
</p><p align="center">Михаил Лермонтов
</p><p align="center">Утес
</p><p align="center">
</p><p align="center">Ночевала тучка золотая
</p><p align="center">На груди утеса-великана,
</p><p align="center">Утром в путь она умчалась рано,
</p><p align="center">По лазури весело играя.
</p><p align="center">
</p><p align="center">Но остался влажный след в морщине
</p><p align="center">Старого утеса. Одиноко
</p><p align="center">Он стоит, задумался глубоко,
</p><p align="center">И тихонько плачет он в пустыне.
</p>
2023-12-13 08:05:05,400 - WARNING - Email sent: <p>Today is a lovely day! The temperature is <b>-3°C</b> and the weather is <b>light snow</b>.<p>
<p align="center">Александр Пушкин
</p><p align="center">Если жизнь тебя обманет...
</p><p align="center">
</p><p align="center">Если жизнь тебя обманет,
</p><p align="center">Не печалься, не сердись!
</p><p align="center">В день уныния смирись:
</p><p align="center">День веселья, верь, настанет.
</p><p align="center">
</p><p align="center">Сердце в будущем живет;
</p><p align="center">Настоящее уныло:
</p><p align="center">Все мгновенно, все пройдет;
</p><p align="center">Что пройдет, то будет мило.
</p>
2023-12-14 08:05:04,046 - WARNING - Email sent: <p>Today is a lovely day! The temperature is <b>-4°C</b> and the weather is <b>light snow</b>.<p>
<p align="center">Александр Пушкин
</p><p align="center">Если жизнь тебя обманет...
</p><p align="center">
</p><p align="center">Если жизнь тебя обманет,
</p><p align="center">Не печалься, не сердись!
</p><p align="center">В день уныния смирись:
</p><p align="center">День веселья, верь, настанет.
</p><p align="center">
</p><p align="center">Сердце в будущем живет;
</p><p align="center">Настоящее уныло:
</p><p align="center">Все мгновенно, все пройдет;
</p><p align="center">Что пройдет, то будет мило.
</p>
2023-12-15 08:05:05,369 - WARNING - Email sent: <p>Today is a lovely day! The temperature is <b>-7°C</b> and the weather is <b>light snow</b>.<p>
<p align="center">Михаил Лермонтов
</p><p align="center">На севере диком стоит одиноко...
</p><p align="center">
</p><p align="center">На севере диком стоит одиноко
</p><p align="center">    На голой вершине сосна
</p><p align="center">И дремлет, качаясь, и снегом сыпучим
</p><p align="center">    Одета, как ризой, она.
</p><p align="center">
</p><p align="center">И снится ей всё, что в пустыне далекой,
</p><p align="center">    В том крае, где солнца восход,
</p><p align="center">Одна и грустна, на утесе горючем
</p><p align="center">    Прекрасная пальма растет.
</p>
2023-12-16 08:05:03,831 - WARNING - Email sent: <p>Today is a lovely day! The temperature is <b>-8°C</b> and the weather is <b>overcast clouds</b>.<p>
<p align="center">Сергей Есенин
</p><p align="center">Никогда я не был на Босфоре...
</p><p align="center">
</p><p align="center">Никогда я не был на Босфоре,
</p><p align="center">Ты меня не спрашивай о нем.
</p><p align="center">Я в твоих глазах увидел море,
</p><p align="center">Полыхающее голубым огнем.
</p><p align="center">
</p><p align="center">Не ходил в Багдад я с караваном,
</p><p align="center">Не возил я шелк туда и хну.
</p><p align="center">Наклонись своим красивым станом,
</p><p align="center">На коленях дай мне отдохнуть.
</p><p align="center">
</p><p align="center">Или снова, сколько ни проси я,
</p><p align="center">Для тебя навеки дела нет,
</p><p align="center">Что в далеком имени — Россия —
</p><p align="center">Я известный, признанный поэт.
</p><p align="center">
</p><p align="center">У меня в душе звенит тальянка,
</p><p align="center">При луне собачий слышу лай.
</p><p align="center">Разве ты не хочешь, персиянка,
</p><p align="center">Увидать далекий, синий край?
</p><p align="center">
</p><p align="center">Я сюда приехал не от скуки —
</p><p align="center">Ты меня, незримая, звала.
</p><p align="center">И меня твои лебяжьи руки
</p><p align="center">Обвивали, словно два крыла.
</p><p align="center">
</p><p align="center">Я давно ищу в судьбе покоя,
</p><p align="center">И хоть прошлой жизни не кляну,
</p><p align="center">Расскажи мне что-нибудь такое
</p><p align="center">Про твою веселую страну.
</p><p align="center">
</p><p align="center">Заглуши в душе тоску тальянки,
</p><p align="center">Напои дыханьем свежих чар,
</p><p align="center">Чтобы я о дальней северянке
</p><p align="center">Не вздыхал, не думал, не скучал.
</p><p align="center">
</p><p align="center">И хотя я не был на Босфоре —
</p><p align="center">Я тебе придумаю о нем.
</p><p align="center">Все равно — глаза твои, как море,
</p><p align="center">Голубым колышутся огнем.
</p>
2023-12-17 08:05:05,444 - WARNING - Email sent: <p>Today is a lovely day! The temperature is <b>0°C</b> and the weather is <b>light rain</b>.<p>
<p align="center">Александр Пушкин
</p><p align="center">Если жизнь тебя обманет...
</p><p align="center">
</p><p align="center">Если жизнь тебя обманет,
</p><p align="center">Не печалься, не сердись!
</p><p align="center">В день уныния смирись:
</p><p align="center">День веселья, верь, настанет.
</p><p align="center">
</p><p align="center">Сердце в будущем живет;
</p><p align="center">Настоящее уныло:
</p><p align="center">Все мгновенно, все пройдет;
</p><p align="center">Что пройдет, то будет мило.
</p>
2023-12-18 08:05:04,190 - WARNING - Email sent: <p>Today is a lovely day! The temperature is <b>1°C</b> and the weather is <b>broken clouds</b>.<p>
<p align="center">Сергей Есенин
</p><p align="center">Никогда я не был на Босфоре...
</p><p align="center">
</p><p align="center">Никогда я не был на Босфоре,
</p><p align="center">Ты меня не спрашивай о нем.
</p><p align="center">Я в твоих глазах увидел море,
</p><p align="center">Полыхающее голубым огнем.
</p><p align="center">
</p><p align="center">Не ходил в Багдад я с караваном,
</p><p align="center">Не возил я шелк туда и хну.
</p><p align="center">Наклонись своим красивым станом,
</p><p align="center">На коленях дай мне отдохнуть.
</p><p align="center">
</p><p align="center">Или снова, сколько ни проси я,
</p><p align="center">Для тебя навеки дела нет,
</p><p align="center">Что в далеком имени — Россия —
</p><p align="center">Я известный, признанный поэт.
</p><p align="center">
</p><p align="center">У меня в душе звенит тальянка,
</p><p align="center">При луне собачий слышу лай.
</p><p align="center">Разве ты не хочешь, персиянка,
</p><p align="center">Увидать далекий, синий край?
</p><p align="center">
</p><p align="center">Я сюда приехал не от скуки —
</p><p align="center">Ты меня, незримая, звала.
</p><p align="center">И меня твои лебяжьи руки
</p><p align="center">Обвивали, словно два крыла.
</p><p align="center">
</p><p align="center">Я давно ищу в судьбе покоя,
</p><p align="center">И хоть прошлой жизни не кляну,
</p><p align="center">Расскажи мне что-нибудь такое
</p><p align="center">Про твою веселую страну.
</p><p align="center">
</p><p align="center">Заглуши в душе тоску тальянки,
</p><p align="center">Напои дыханьем свежих чар,
</p><p align="center">Чтобы я о дальней северянке
</p><p align="center">Не вздыхал, не думал, не скучал.
</p><p align="center">
</p><p align="center">И хотя я не был на Босфоре —
</p><p align="center">Я тебе придумаю о нем.
</p><p align="center">Все равно — глаза твои, как море,
</p><p align="center">Голубым колышутся огнем.
</p>
2023-12-19 08:05:05,459 - WARNING - Email sent: <p>Today is a lovely day! The temperature is <b>2°C</b> and the weather is <b>overcast clouds</b>.<p>
<p align="center">Михаил Лермонтов
</p><p align="center">На севере диком стоит одиноко...
</p><p align="center">
</p><p align="center">На севере диком стоит одиноко
</p><p align="center">    На голой вершине сосна
</p><p align="center">И дремлет, качаясь, и снегом сыпучим
</p><p align="center">    Одета, как ризой, она.
</p><p align="center">
</p><p align="center">И снится ей всё, что в пустыне далекой,
</p><p align="center">    В том крае, где солнца восход,
</p><p align="center">Одна и грустна, на утесе горючем
</p><p align="center">    Прекрасная пальма растет.
</p>
2023-12-20 08:05:06,042 - WARNING - Email sent: <p>Today is a lovely day! The temperature is <b>2°C</b> and the weather is <b>broken clouds</b>.<p>
<p align="center">Михаил Лермонтов
</p><p align="center">На севере диком стоит одиноко...
</p><p align="center">
</p><p align="center">На севере диком стоит одиноко
</p><p align="center">    На голой вершине сосна
</p><p align="center">И дремлет, качаясь, и снегом сыпучим
</p><p align="center">    Одета, как ризой, она.
</p><p align="center">
</p><p align="center">И снится ей всё, что в пустыне далекой,
</p><p align="center">    В том крае, где солнца восход,
</p><p align="center">Одна и грустна, на утесе горючем
</p><p align="center">    Прекрасная пальма растет.
</p>
